{
  "stats": {
    "suites": 2,
    "tests": 2,
    "passes": 2,
    "pending": 0,
    "failures": 0,
    "start": "2020-04-03T18:39:07.429Z",
    "end": "2020-04-03T18:39:07.429Z",
    "duration": 1756,
    "testsRegistered": 2,
    "passPercent": 100,
    "pendingPercent": 0,
    "other": 0,
    "hasOther": false,
    "skipped": 0,
    "hasSkipped": false
  },
  "results": [
    {
      "uuid": "beaa8f46-5abc-4de4-b5ea-150eebe4bb99",
      "title": "",
      "fullFile": "cypress/e2e/b_spec.js",
      "file": "cypress/e2e/b_spec.js",
      "beforeHooks": [],
      "afterHooks": [],
      "tests": [],
      "suites": [
        {
          "uuid": "d6817b10-5be6-4565-8e63-d9685f943c63",
          "title": "Basic test",
          "fullFile": "",
          "file": "",
          "beforeHooks": [],
          "afterHooks": [],
          "tests": [
            {
              "title": "check input",
              "fullTitle": "Basic test check input",
              "timedOut": null,
              "duration": 1174,
              "state": "passed",
              "speed": "slow",
              "pass": true,
              "fail": false,
              "pending": false,
              "context": null,
              "code": "cy.visit('/examples/vue/');\ncy.get('.new-todo').should('exist');",
              "err": {},
              "uuid": "9bd299d3-f11f-4f73-8c94-9212aa534b56",
              "parentUUID": "d6817b10-5be6-4565-8e63-d9685f943c63",
              "isHook": false,
              "skipped": false
            }
          ],
          "suites": [],
          "passes": [
            "9bd299d3-f11f-4f73-8c94-9212aa534b56"
          ],
          "failures": [],
          "pending": [],
          "skipped": [],
          "duration": 1174,
          "root": false,
          "rootEmpty": false,
          "_timeout": 2000
        }
      ],
      "passes": [],
      "failures": [],
      "pending": [],
      "skipped": [],
      "duration": 0,
      "root": true,
      "rootEmpty": true,
      "_timeout": 2000
    },
    {
      "uuid": "f530b04f-7ac9-4139-a66b-376d7da107ec",
      "title": "",
      "fullFile": "cypress/e2e/todoMVC_spec.js",
      "file": "cypress/e2e/todoMVC_spec.js",
      "beforeHooks": [],
      "afterHooks": [],
      "tests": [],
      "suites": [
        {
          "uuid": "4708aadd-08cd-4509-8ddd-36dfd1ea32fb",
          "title": "Basic test",
          "fullFile": "",
          "file": "",
          "beforeHooks": [],
          "afterHooks": [],
          "tests": [
            {
              "title": "check input",
              "fullTitle": "Basic test check input",
              "timedOut": null,
              "duration": 582,
              "state": "passed",
              "speed": "slow",
              "pass": true,
              "fail": false,
              "pending": false,
              "context": null,
              "code": "cy.visit('/examples/vue/');\ncy.get('.new-todo').should('exist');",
              "err": {},
              "uuid": "18b91cae-a7b7-4594-80e4-7bedbfa4b919",
              "parentUUID": "4708aadd-08cd-4509-8ddd-36dfd1ea32fb",
              "isHook": false,
              "skipped": false
            }
          ],
          "suites": [],
          "passes": [
            "18b91cae-a7b7-4594-80e4-7bedbfa4b919"
          ],
          "failures": [],
          "pending": [],
          "skipped": [],
          "duration": 582,
          "root": false,
          "rootEmpty": false,
          "_timeout": 2000
        }
      ],
      "passes": [],
      "failures": [],
      "pending": [],
      "skipped": [],
      "duration": 0,
      "root": true,
      "rootEmpty": true,
      "_timeout": 2000
    }
  ],
  "meta": {
    "mocha": {
      "version": "7.1.1"
    },
    "mochawesome": {
      "options": {
        "quiet": false,
        "reportFilename": "mochawesome",
        "saveHtml": false,
        "saveJson": true,
        "consoleReporter": "spec",
        "useInlineDiffs": false,
        "code": true
      },
      "version": "5.0.0"
    },
    "marge": {
      "options": {
        "overwrite": false,
        "html": false,
        "json": true
      },
      "version": "4.1.0"
    }
  }
}